<?xml version="1.0" encoding="UTF-8"?>
<!-- Generated by org.testng.reporters.JUnitReportReporter -->
<testsuite hostname="mac" failures="0" tests="2" name="tests.Test" time="0.005" errors="0" timestamp="2024-06-13T16:16:44 IST" skipped="0">
  <testcase classname="tests.Test" name="test1" time="0.001"/>
  <testcase classname="tests.Test" name="test1" time="0.004"/>
</testsuite> <!-- tests.Test -->
